[2026-01-14 03:23:43] Dados recebidos do POST - Data: Array
(
    [name] => 
    [email] => 
)

[2026-01-14 03:23:43] Filtros configurados - Data: Array
(
    [email] => Array
        (
            [filter] => 274
            [flags] => 1048576
            [options] => Array
                (
                    [default] => email_invalido@example.com
                )

        )

)

[2026-01-14 03:23:43] Resultado da validação - Data: Array
(
    [email] => email_invalido@example.com
)

[2026-01-14 03:23:43] ✅ Email válido - Data: email_invalido@example.com
[2026-01-14 03:27:52] Dados recebidos do POST - Data: Array
(
    [name] => 
    [email] => aaaa
)

[2026-01-14 03:27:52] Filtros configurados - Data: Array
(
    [email] => Array
        (
            [filter] => 274
            [flags] => 1048576
            [options] => Array
                (
                    [default] => email_invalido@example.com
                )

        )

)

[2026-01-14 03:27:52] Resultado da validação - Data: Array
(
    [email] => email_invalido@example.com
)

[2026-01-14 03:27:52] ✅ Email válido - Data: email_invalido@example.com
